[2024-01-15 10:30:00] COMMANDE_RECU CMD_001 client=CLI_123 articles=[ART_001, ART_002, ART_003]
[2024-01-15 10:30:02] CREATION_ARTICLES CMD_001 articles=[ART_001, ART_002, ART_003]
[2024-01-15 10:30:05] VALIDATION_COMMANDE CMD_001 → ordre=ORD_001 status=VALIDE
[2024-01-15 10:30:07] TRAITEMENT_ARTICLE ART_001 parent=CMD_001 stock=DISPONIBLE
[2024-01-15 10:30:08] TRAITEMENT_ARTICLE ART_002 parent=CMD_001 stock=DISPONIBLE
[2024-01-15 10:30:09] TRAITEMENT_ARTICLE ART_003 parent=CMD_001 stock=RUPTURE
[2024-01-15 10:30:15] ORDRE_TRAITE ORD_001 → livraison=LIV_001
[2024-01-15 10:45:00] COMMANDE_RECU CMD_002 client=CLI_456 articles=[ART_004, ART_005]
[2024-01-15 10:45:02] CREATION_ARTICLES CMD_002 articles=[ART_004, ART_005]
[2024-01-15 10:45:05] VALIDATION_COMMANDE CMD_002 → ordre=ORD_002 status=VALIDE
[2024-01-15 10:45:07] TRAITEMENT_ARTICLE ART_004 parent=CMD_002 stock=DISPONIBLE
[2024-01-15 10:45:08] TRAITEMENT_ARTICLE ART_005 parent=CMD_002 stock=DISPONIBLE
[2024-01-15 10:45:15] ORDRE_TRAITE ORD_002 → livraison=LIV_002
[2024-01-15 11:00:00] INSCRIPTION_DEMANDE USR_001 email=user@example.com
[2024-01-15 11:00:05] VALIDATION_USER USR_001 → user_id=U_12345
[2024-01-15 11:00:10] EMAIL_SENT user_id=U_12345 status=ENVOYE
[2024-01-15 11:15:00] PAIEMENT_RECU PAY_001 montant=99.99
[2024-01-15 11:15:05] AUTORISATION PAY_001 → transaction=TXN_001
[2024-01-15 11:15:10] ECRITURE_COMPTABLE transaction=TXN_001 compte=RECETTES
[2024-01-15 11:30:00] COLIS_CREE COL_001 poids=2.5
[2024-01-15 11:30:05] EXPEDITION COL_001 → tracking=TRK_001
[2024-01-15 11:30:10] LIVRAISON tracking=TRK_001 status=EN_COURS
